<?xml version="1.0" encoding="UTF-8"?>
<testng-results ignored="0" total="1" passed="1" failed="0" skipped="0">
  <reporter-output>
  </reporter-output>
  <suite started-at="2023-05-19T18:05:20 EET" name="Default suite" finished-at="2023-05-19T18:05:52 EET" duration-ms="32042">
    <groups>
    </groups>
    <test started-at="2023-05-19T18:05:20 EET" name="Default test" finished-at="2023-05-19T18:05:52 EET" duration-ms="32042">
      <class name="mytestcases">
        <test-method is-config="true" signature="mySetup()[pri:0, instance:mytestcases@537b32ef]" started-at="2023-05-19T18:05:20 EET" name="mySetup" finished-at="2023-05-19T18:05:51 EET" duration-ms="31093" status="PASS">
          <reporter-output>
          </reporter-output>
        </test-method> <!-- mySetup -->
        <test-method signature="randomly()[pri:0, instance:mytestcases@537b32ef]" started-at="2023-05-19T18:05:51 EET" name="randomly" finished-at="2023-05-19T18:05:52 EET" duration-ms="873" status="PASS">
          <reporter-output>
          </reporter-output>
        </test-method> <!-- randomly -->
      </class> <!-- mytestcases -->
    </test> <!-- Default test -->
  </suite> <!-- Default suite -->
</testng-results>
